<?xml version="1.0" encoding="UTF-8"?>
<!-- Generated by org.testng.reporters.JUnitXMLReporter -->
<testsuite ignored="0" hostname="LAKSHMI-PC" failures="0" tests="10" name="Test Runner for FreeCRM portal" time="229.192" errors="0" timestamp="2021-01-14T19:18:17 IST">
  <testcase classname="com.freecrm.testcases.ContactsPageTest" name="@AfterTest tearDown" time="0.106">
    <failure type="org.openqa.selenium.NoSuchSessionException" message="invalid session id
Build info: version: &amp;apos;3.14.0&amp;apos;, revision: &amp;apos;aacccce0&amp;apos;, time: &amp;apos;2018-08-02T20:19:58.91Z&amp;apos;
System info: host: &amp;apos;LAKSHMI-PC&amp;apos;, ip: &amp;apos;192.168.16.2&amp;apos;, os.name: &amp;apos;Windows 7&amp;apos;, os.arch: &amp;apos;amd64&amp;apos;, os.version: &amp;apos;6.1&amp;apos;, java.version: &amp;apos;14.0.1&amp;apos;
Driver info: org.openqa.selenium.chrome.ChromeDriver
Capabilities {acceptInsecureCerts: false, browserName: chrome, browserVersion: 87.0.4280.88, chrome: {chromedriverVersion: 87.0.4280.20 (c99e81631faa0..., userDataDir: C:\Users\LAKSHMI\AppData\Lo...}, goog:chromeOptions: {debuggerAddress: localhost:56395}, javascriptEnabled: true, networkConnectionEnabled: false, pageLoadStrategy: normal, platform: WINDOWS, platformName: WINDOWS, proxy: Proxy(), setWindowRect: true, strictFileInteractability: false, timeouts: {implicit: 0, pageLoad: 300000, script: 30000}, unhandledPromptBehavior: dismiss and notify, webauthn:virtualAuthenticators: true}
Session ID: 26b5a4ea00f7d8c01d1fa8be3fe1fb41">
      <![CDATA[org.openqa.selenium.NoSuchSessionException: invalid session id
Build info: version: '3.14.0', revision: 'aacccce0', time: '2018-08-02T20:19:58.91Z'
System info: host: 'LAKSHMI-PC', ip: '192.168.16.2', os.name: 'Windows 7', os.arch: 'amd64', os.version: '6.1', java.version: '14.0.1'
Driver info: org.openqa.selenium.chrome.ChromeDriver
Capabilities {acceptInsecureCerts: false, browserName: chrome, browserVersion: 87.0.4280.88, chrome: {chromedriverVersion: 87.0.4280.20 (c99e81631faa0..., userDataDir: C:\Users\LAKSHMI\AppData\Lo...}, goog:chromeOptions: {debuggerAddress: localhost:56395}, javascriptEnabled: true, networkConnectionEnabled: false, pageLoadStrategy: normal, platform: WINDOWS, platformName: WINDOWS, proxy: Proxy(), setWindowRect: true, strictFileInteractability: false, timeouts: {implicit: 0, pageLoad: 300000, script: 30000}, unhandledPromptBehavior: dismiss and notify, webauthn:virtualAuthenticators: true}
Session ID: 26b5a4ea00f7d8c01d1fa8be3fe1fb41
at org.openqa.selenium.remote.http.W3CHttpResponseCodec.createException(W3CHttpResponseCodec.java:187)
at org.openqa.selenium.remote.http.W3CHttpResponseCodec.decode(W3CHttpResponseCodec.java:122)
at org.openqa.selenium.remote.http.W3CHttpResponseCodec.decode(W3CHttpResponseCodec.java:49)
at org.openqa.selenium.remote.HttpCommandExecutor.execute(HttpCommandExecutor.java:158)
at org.openqa.selenium.remote.service.DriverCommandExecutor.execute(DriverCommandExecutor.java:83)
at org.openqa.selenium.remote.RemoteWebDriver.execute(RemoteWebDriver.java:548)
at org.openqa.selenium.remote.RemoteWebDriver.execute(RemoteWebDriver.java:605)
at org.openqa.selenium.remote.RemoteWebDriver.close(RemoteWebDriver.java:438)
at com.freecrm.testcases.ContactsPageTest.tearDown(ContactsPageTest.java:50)
... Removed 29 stack frames]]>
    </failure>
  </testcase> <!-- @AfterTest tearDown -->
  <testcase classname="com.freecrm.testcases.LoginPageTest" name="validateTitleOfLoginPageTest" time="0.023"/>
  <testcase classname="com.freecrm.testcases.LoginPageTest" name="loginTest" time="0.523"/>
  <testcase classname="com.freecrm.testcases.HomePageTest" name="validateTitleOfHomePageTest" time="0.012"/>
  <testcase classname="com.freecrm.testcases.HomePageTest" name="validateUsernameLabelTest" time="1.253"/>
  <testcase classname="com.freecrm.testcases.HomePageTest" name="validateCrmLogoTest" time="2.357"/>
  <testcase classname="com.freecrm.testcases.HomePageTest" name="clickOnContactsButtonTest" time="5.264"/>
  <testcase classname="com.freecrm.testcases.HomePageTest" name="clickOnCompaniesButtonTest" time="1.913"/>
  <testcase classname="com.freecrm.testcases.HomePageTest" name="clickOnDealsButtonTest" time="5.301"/>
  <testcase classname="com.freecrm.testcases.ContactsPageTest" name="validateContactsLabelTest" time="0.199"/>
  <testcase classname="com.freecrm.testcases.ContactsPageTest" name="addNewContactTest" time="8.139"/>
</testsuite> <!-- Test Runner for FreeCRM portal -->
